D:\C\QT\UML EDITOR\BRUTEFORCE\X64\DEBUG\MOC_MAINWINDOW.OBJ
D:\C\QT\UML EDITOR\BRUTEFORCE\X64\DEBUG\MAINWINDOW.OBJ
D:\C\QT\UML EDITOR\BRUTEFORCE\X64\DEBUG\MAIN.OBJ
D:\C\QT\UML EDITOR\BRUTEFORCE\X64\DEBUG\USECASEITEM.OBJ
D:\C\QT\UML EDITOR\BRUTEFORCE\X64\DEBUG\UMLTEXTITEM.OBJ
D:\C\QT\UML EDITOR\BRUTEFORCE\X64\DEBUG\UMLSCENE.OBJ
D:\C\QT\UML EDITOR\BRUTEFORCE\X64\DEBUG\UMLPORT.OBJ
D:\C\QT\UML EDITOR\BRUTEFORCE\X64\DEBUG\UMLLINE.OBJ
D:\C\QT\UML EDITOR\BRUTEFORCE\X64\DEBUG\UMLITEM.OBJ
D:\C\QT\UML EDITOR\BRUTEFORCE\X64\DEBUG\UMLBASE.OBJ
D:\C\QT\UML EDITOR\BRUTEFORCE\X64\DEBUG\ITEMSELECT.OBJ
D:\C\QT\UML EDITOR\BRUTEFORCE\X64\DEBUG\GROUP.OBJ
D:\C\QT\UML EDITOR\BRUTEFORCE\X64\DEBUG\GENERALIZATION.OBJ
D:\C\QT\UML EDITOR\BRUTEFORCE\X64\DEBUG\COMPOSITION.OBJ
D:\C\QT\UML EDITOR\BRUTEFORCE\X64\DEBUG\CLASSITEM.OBJ
D:\C\QT\UML EDITOR\BRUTEFORCE\X64\DEBUG\ASSOCIATION.OBJ
D:\C\QT\UML EDITOR\BRUTEFORCE\X64\DEBUG\VC110.PDB
D:\C\QT\UML EDITOR\BRUTEFORCE\GENERATEDFILES\DEBUG\MOC_MAINWINDOW.CPP
D:\C\QT\UML EDITOR\BRUTEFORCE\GENERATEDFILES\UI_UMLEDITER.H
D:\C\QT\UML EDITOR\X64\DEBUG\UMLEDITOR.ILK
D:\C\QT\UML EDITOR\X64\DEBUG\UMLEDITOR.EXE
D:\C\QT\UML EDITOR\X64\DEBUG\UMLEDITOR.PDB
D:\C\QT\Uml Editor\BruteForce\x64\Debug\Association.obj
D:\C\QT\Uml Editor\BruteForce\x64\Debug\ClassItem.obj
D:\C\QT\Uml Editor\BruteForce\x64\Debug\Composition.obj
D:\C\QT\Uml Editor\BruteForce\x64\Debug\Generalization.obj
D:\C\QT\Uml Editor\BruteForce\x64\Debug\Group.obj
D:\C\QT\Uml Editor\BruteForce\x64\Debug\ItemSelect.obj
D:\C\QT\Uml Editor\BruteForce\x64\Debug\main.obj
D:\C\QT\Uml Editor\BruteForce\x64\Debug\mainwindow.obj
D:\C\QT\Uml Editor\BruteForce\x64\Debug\moc_mainwindow.obj
D:\C\QT\Uml Editor\BruteForce\x64\Debug\UMLBase.obj
D:\C\QT\Uml Editor\BruteForce\x64\Debug\UMLItem.obj
D:\C\QT\Uml Editor\BruteForce\x64\Debug\UMLLine.obj
D:\C\QT\Uml Editor\BruteForce\x64\Debug\UMLPort.obj
D:\C\QT\Uml Editor\BruteForce\x64\Debug\UMLScene.obj
D:\C\QT\Uml Editor\BruteForce\x64\Debug\UMLTextItem.obj
D:\C\QT\Uml Editor\BruteForce\x64\Debug\UseCaseItem.obj
D:\C\QT\Uml Editor\BruteForce\x64\Debug\cl.command.1.tlog
D:\C\QT\Uml Editor\BruteForce\x64\Debug\CL.read.1.tlog
D:\C\QT\Uml Editor\BruteForce\x64\Debug\CL.write.1.tlog
D:\C\QT\Uml Editor\BruteForce\x64\Debug\custombuild.command.1.tlog
D:\C\QT\Uml Editor\BruteForce\x64\Debug\custombuild.read.1.tlog
D:\C\QT\Uml Editor\BruteForce\x64\Debug\custombuild.write.1.tlog
D:\C\QT\Uml Editor\BruteForce\x64\Debug\link-cvtres.read.1.tlog
D:\C\QT\Uml Editor\BruteForce\x64\Debug\link-cvtres.write.1.tlog
D:\C\QT\Uml Editor\BruteForce\x64\Debug\link-rc.read.1.tlog
D:\C\QT\Uml Editor\BruteForce\x64\Debug\link-rc.write.1.tlog
D:\C\QT\Uml Editor\BruteForce\x64\Debug\link.command.1.tlog
D:\C\QT\Uml Editor\BruteForce\x64\Debug\link.read.1.tlog
D:\C\QT\Uml Editor\BruteForce\x64\Debug\link.write.1.tlog
D:\C\QT\Uml Editor\BruteForce\x64\Debug\vc110.pdb
D:\C\QT\Uml Editor\x64\Debug\UMLEditor.pdb
D:\C\QT\Uml Editor\x64\Debug\UMLEditor.exe
D:\C\QT\Uml Editor\x64\Debug\UMLEditor.ilk
